I, [2025-08-17T21:08:50.409936 #33695]  INFO -- : [mercado_pago] SDK desativado (gem ou token ausentes) – env=production
I, [2025-08-17T21:08:52.106720 #33703]  INFO -- : [mercado_pago] SDK desativado (gem ou token ausentes) – env=production
I, [2025-08-17T21:08:56.789045 #33843]  INFO -- : [mercado_pago] SDK desativado (gem ou token ausentes) – env=production
I, [2025-08-17T21:23:58.538704 #37437]  INFO -- : [mercado_pago] SDK desativado (gem ou token ausentes) – env=production
I, [2025-08-17T21:24:00.437709 #37442]  INFO -- : [mercado_pago] SDK desativado (gem ou token ausentes) – env=production
I, [2025-08-17T21:33:47.589813 #40760]  INFO -- : [mercado_pago] SDK desativado (gem ou token ausentes) – env=production
I, [2025-08-17T21:34:01.922965 #40765]  INFO -- : [mercado_pago] SDK desativado (gem ou token ausentes) – env=production
I, [2025-08-17T21:45:39.377910 #42562]  INFO -- : [mercado_pago] SDK desativado (gem ou token ausentes) – env=production
I, [2025-08-17T21:45:44.483831 #42690]  INFO -- : [mercado_pago] SDK desativado (gem ou token ausentes) – env=production
I, [2025-08-17T21:47:02.038217 #42706]  INFO -- : [mercado_pago] SDK desativado (gem ou token ausentes) – env=production
I, [2025-08-17T21:47:06.279198 #42834]  INFO -- : [mercado_pago] SDK desativado (gem ou token ausentes) – env=production
I, [2025-08-17T21:48:36.951784 #42858]  INFO -- : [mercado_pago] SDK desativado (gem ou token ausentes) – env=production
I, [2025-08-17T21:48:41.105679 #42983]  INFO -- : [mercado_pago] SDK desativado (gem ou token ausentes) – env=production
I, [2025-08-17T22:33:18.942046 #62740]  INFO -- : [mercado_pago] SDK desativado (gem ou token ausentes) – env=production
I, [2025-08-17T22:33:20.913896 #62742]  INFO -- : [mercado_pago] SDK desativado (gem ou token ausentes) – env=production
I, [2025-08-17T22:33:23.091211 #62746]  INFO -- : [mercado_pago] SDK desativado (gem ou token ausentes) – env=production
I, [2025-08-18T15:53:04.518304 #28612]  INFO -- : [mercado_pago] SDK desativado (gem ausente) – env=production
I, [2025-08-18T15:58:05.582600 #28753]  INFO -- : [mercado_pago] SDK desativado (precompile de assets) – env=production
I, [2025-08-18T16:18:31.840080 #39329]  INFO -- : [mercado_pago] SDK desativado (gem ausente) – env=production
I, [2025-08-18T16:51:32.243279 #50239]  INFO -- : [mercado_pago] SDK desativado (gem ausente) – env=production
I, [2025-08-18T17:44:23.310213 #65197]  INFO -- : [mercado_pago] SDK desativado (gem ausente) – env=production
I, [2025-08-18T17:51:48.936845 #65261]  INFO -- : [mercado_pago] SDK desativado (gem ausente) – env=production
I, [2025-08-18T17:53:17.346769 #65303]  INFO -- : [mercado_pago] SDK desativado (gem ausente) – env=production
I, [2025-08-18T19:21:34.531588 #101873]  INFO -- : [mercado_pago] SDK desativado (gem ausente) – env=production
I, [2025-08-18T19:23:06.352732 #101902]  INFO -- : [mercado_pago] SDK desativado (gem ausente) – env=production
I, [2025-08-19T14:44:44.527170 #10976]  INFO -- : [mercado_pago] SDK desativado (gem ausente) – env=production
I, [2025-08-19T14:44:44.530244 #10976]  INFO -- : [PWK] desativado (WEB_CONCURRENCY=0)
I, [2025-08-19T14:50:26.302056 #12087]  INFO -- : [mercado_pago] SDK desativado (gem ausente) – env=production
I, [2025-08-19T14:50:26.304386 #12087]  INFO -- : [PWK] desativado (WEB_CONCURRENCY=0)
I, [2025-08-19T14:57:57.944484 #13463]  INFO -- : [mercado_pago] SDK desativado (gem ausente) – env=production
I, [2025-08-19T14:57:57.946598 #13463]  INFO -- : [PWK] desativado (WEB_CONCURRENCY=0)
I, [2025-08-19T15:00:59.408739 #14044]  INFO -- : [mercado_pago] SDK desativado (gem ausente) – env=production
I, [2025-08-19T15:00:59.410324 #14044]  INFO -- : [PWK] desativado (WEB_CONCURRENCY=0)
I, [2025-08-19T15:04:40.666717 #14730]  INFO -- : [mercado_pago] SDK desativado (precompile de assets) – env=production
I, [2025-08-19T15:04:40.668614 #14730]  INFO -- : [PWK] desativado (WEB_CONCURRENCY=0)
I, [2025-08-19T15:04:43.017965 #14752]  INFO -- : [mercado_pago] SDK desativado (gem ausente) – env=production
I, [2025-08-19T15:04:43.018202 #14752]  INFO -- : [PWK] desativado (WEB_CONCURRENCY=0)
I, [2025-08-19T15:04:44.507880 #14760]  INFO -- : [mercado_pago] SDK desativado (gem ausente) – env=production
I, [2025-08-19T15:04:44.508099 #14760]  INFO -- : [PWK] desativado (WEB_CONCURRENCY=0)
I, [2025-08-19T17:39:50.619052 #25561]  INFO -- : [mercado_pago] SDK desativado (gem ausente) – env=production
I, [2025-08-19T17:39:50.619942 #25561]  INFO -- : [PWK] desativado (WEB_CONCURRENCY=0)
I, [2025-08-19T17:43:55.272917 #25636]  INFO -- : [mercado_pago] SDK desativado (gem ausente) – env=production
I, [2025-08-19T17:43:55.275177 #25636]  INFO -- : [PWK] desativado (WEB_CONCURRENCY=0)
I, [2025-08-19T17:43:57.598785 #25642]  INFO -- : [mercado_pago] SDK desativado (precompile de assets) – env=production
I, [2025-08-19T17:43:57.599020 #25642]  INFO -- : [PWK] desativado (WEB_CONCURRENCY=0)
I, [2025-08-19T17:43:58.887029 #25652]  INFO -- : [mercado_pago] SDK desativado (gem ausente) – env=production
I, [2025-08-19T17:43:58.887249 #25652]  INFO -- : [PWK] desativado (WEB_CONCURRENCY=0)
I, [2025-08-19T17:55:15.185797 #27649]  INFO -- : [mercado_pago] SDK desativado (gem ausente) – env=production
I, [2025-08-19T17:55:15.187644 #27649]  INFO -- : [PWK] desativado (WEB_CONCURRENCY=0)
I, [2025-08-19T17:59:35.733898 #27774]  INFO -- : [mercado_pago] SDK desativado (gem ausente) – env=production
I, [2025-08-19T17:59:35.734194 #27774]  INFO -- : [PWK] desativado (WEB_CONCURRENCY=0)
I, [2025-08-19T19:04:01.662853 #41943]  INFO -- : [mercado_pago] SDK desativado (precompile de assets) – env=production
I, [2025-08-19T20:11:29.096733 #55316]  INFO -- : [mercado_pago] SDK desativado (precompile de assets) – env=production
I, [2025-08-19T21:10:04.846941 #70141]  INFO -- : [mercado_pago] SDK desativado (gem ausente) – env=production
I, [2025-08-19T21:12:59.990250 #70198]  INFO -- : [mercado_pago] SDK desativado (precompile de assets) – env=production
I, [2025-08-19T21:19:13.694414 #70275]  INFO -- : [mercado_pago] SDK desativado (gem ausente) – env=production
I, [2025-08-19T21:25:33.648022 #70383]  INFO -- : [mercado_pago] SDK desativado (precompile de assets) – env=production
I, [2025-08-19T21:26:25.510911 #70399]  INFO -- : [mercado_pago] SDK desativado (precompile de assets) – env=production
I, [2025-08-19T21:41:51.111649 #72004]  INFO -- : [mercado_pago] SDK desativado (gem ausente) – env=production
I, [2025-08-19T21:58:09.085592 #78383]  INFO -- : [mercado_pago] SDK desativado (gem ausente) – env=production
I, [2025-08-19T22:08:37.590058 #78431]  INFO -- : [mercado_pago] SDK desativado (precompile de assets) – env=production
I, [2025-08-19T22:11:13.232465 #78483]  INFO -- : [mercado_pago] SDK desativado (precompile de assets) – env=production
I, [2025-08-19T22:11:49.257600 #78495]  INFO -- : [mercado_pago] SDK desativado (precompile de assets) – env=production
I, [2025-08-19T22:13:20.530941 #80094]  INFO -- : [mercado_pago] SDK desativado (precompile de assets) – env=production
I, [2025-08-19T22:46:14.096449 #92494]  INFO -- : [mercado_pago] SDK desativado (precompile de assets) – env=production
I, [2025-08-19T22:51:38.655825 #94224]  INFO -- : [mercado_pago] SDK desativado (precompile de assets) – env=production
[mercado_pago] SDK desativado (precompile de assets) – env=production
[mercado_pago] SDK desativado (gem ausente) – env=production
[mercado_pago] SDK desativado (gem ausente) – env=production
[mercado_pago] SDK desativado (precompile de assets) – env=production
