[ENVIADO] Para: carlos@email.com -> Olá Carlos, o https://www.cargaclick.com.br encontra os melhores fretes 🚚. Faça sua cotação agora!
[ENVIADO] Para: 11-99999-9999 -> Olá João Caminhoneiro, o https://www.cargaclick.com.br tem clientes prontos aguardando transportadores como você. Cadastre-se!
[ENVIADO] Para: carlos@email.com -> Olá Carlos, o https://www.cargaclick.com.br encontra os melhores fretes 🚚. Faça sua cotação agora!
[ENVIADO] Para: 11-99999-9999 -> Olá João Caminhoneiro, o https://www.cargaclick.com.br tem clientes prontos aguardando transportadores como você. Cadastre-se!
[ENVIADO] Para: carlos@email.com -> Olá Carlos, o https://www.cargaclick.com.br encontra os melhores fretes 🚚. Faça sua cotação agora!
[ENVIADO] Para: 11-99999-9999 -> Olá João Caminhoneiro, o https://www.cargaclick.com.br tem clientes prontos aguardando transportadores como você. Cadastre-se!
[ENVIADO] Para: carlos@email.com -> Olá Carlos, o https://www.cargaclick.com.br encontra os melhores fretes 🚚. Faça sua cotação agora!
[ENVIADO] Para: 11-99999-9999 -> Olá João Caminhoneiro, o https://www.cargaclick.com.br tem clientes prontos aguardando transportadores como você. Cadastre-se!
[ENVIADO] Para: carlos@email.com -> Olá Carlos, o https://www.cargaclick.com.br encontra os melhores fretes 🚚. Faça sua cotação agora!
[ENVIADO] Para: 11-99999-9999 -> Olá João Caminhoneiro, o https://www.cargaclick.com.br tem clientes prontos aguardando transportadores como você. Cadastre-se!
[ENVIADO] Para: carlos@email.com -> Olá Carlos, o https://www.cargaclick.com.br encontra os melhores fretes 🚚. Faça sua cotação agora!
[ENVIADO] Para: 11-99999-9999 -> Olá João Caminhoneiro, o https://www.cargaclick.com.br tem clientes prontos aguardando transportadores como você. Cadastre-se!
[ENVIADO] Para: carlos@email.com -> Olá Carlos, o https://www.cargaclick.com.br encontra os melhores fretes 🚚. Faça sua cotação agora!
[ENVIADO] Para: 11-99999-9999 -> Olá João Caminhoneiro, o https://www.cargaclick.com.br tem clientes prontos aguardando transportadores como você. Cadastre-se!
[ENVIADO] Para: carlos@email.com -> Olá Carlos, o https://www.cargaclick.com.br encontra os melhores fretes 🚚. Faça sua cotação agora!
[ENVIADO] Para: 11-99999-9999 -> Olá João Caminhoneiro, o https://www.cargaclick.com.br tem clientes prontos aguardando transportadores como você. Cadastre-se!
[ENVIADO] Para: carlos@email.com -> Olá Carlos, o https://www.cargaclick.com.br encontra os melhores fretes 🚚. Faça sua cotação agora!
[ENVIADO] Para: 11-99999-9999 -> Olá João Caminhoneiro, o https://www.cargaclick.com.br tem clientes prontos aguardando transportadores como você. Cadastre-se!
[ENVIADO] Para: carlos@email.com -> Olá Carlos, o https://www.cargaclick.com.br encontra os melhores fretes 🚚. Faça sua cotação agora!
[ENVIADO] Para: 11-99999-9999 -> Olá João Caminhoneiro, o https://www.cargaclick.com.br tem clientes prontos aguardando transportadores como você. Cadastre-se!
[ENVIADO] Para: carlos@email.com -> Olá Carlos, o https://www.cargaclick.com.br encontra os melhores fretes 🚚. Faça sua cotação agora!
[ENVIADO] Para: 11-99999-9999 -> Olá João Caminhoneiro, o https://www.cargaclick.com.br tem clientes prontos aguardando transportadores como você. Cadastre-se!
[ENVIADO] Para: carlos@email.com -> Olá Carlos, o https://www.cargaclick.com.br encontra os melhores fretes 🚚. Faça sua cotação agora!
[ENVIADO] Para: 11-99999-9999 -> Olá João Caminhoneiro, o https://www.cargaclick.com.br tem clientes prontos aguardando transportadores como você. Cadastre-se!
[ENVIADO] Para: carlos@email.com -> Olá Carlos, o https://www.cargaclick.com.br encontra os melhores fretes 🚚. Faça sua cotação agora!
[ENVIADO] Para: 11-99999-9999 -> Olá João Caminhoneiro, o https://www.cargaclick.com.br tem clientes prontos aguardando transportadores como você. Cadastre-se!
[ENVIADO] Para: carlos@email.com -> Olá Carlos, o https://www.cargaclick.com.br encontra os melhores fretes 🚚. Faça sua cotação agora!
[ENVIADO] Para: 11-99999-9999 -> Olá João Caminhoneiro, o https://www.cargaclick.com.br tem clientes prontos aguardando transportadores como você. Cadastre-se!
Traceback (most recent call last):
  File "/home/harley/projects/Cargaclick/lead_bot/bot.py", line 1, in <module>
    from scraper import scrape_clients
  File "/home/harley/projects/Cargaclick/lead_bot/scraper.py", line 1, in <module>
    from database import save_lead
  File "/home/harley/projects/Cargaclick/lead_bot/database.py", line 4, in <module>
    engine = create_engine(DATABASE_URL)
             ^^^^^^^^^^^^^^^^^^^^^^^^^^^
  File "<string>", line 2, in create_engine
  File "/home/harley/projects/Cargaclick/lead_bot/.venv/lib/python3.12/site-packages/sqlalchemy/util/deprecations.py", line 281, in warned
    return fn(*args, **kwargs)  # type: ignore[no-any-return]
           ^^^^^^^^^^^^^^^^^^^
  File "/home/harley/projects/Cargaclick/lead_bot/.venv/lib/python3.12/site-packages/sqlalchemy/engine/create.py", line 568, in create_engine
    entrypoint = u._get_entrypoint()
                 ^^^^^^^^^^^^^^^^^^^
  File "/home/harley/projects/Cargaclick/lead_bot/.venv/lib/python3.12/site-packages/sqlalchemy/engine/url.py", line 772, in _get_entrypoint
    cls = registry.load(name)
          ^^^^^^^^^^^^^^^^^^^
  File "/home/harley/projects/Cargaclick/lead_bot/.venv/lib/python3.12/site-packages/sqlalchemy/util/langhelpers.py", line 453, in load
    raise exc.NoSuchModuleError(
sqlalchemy.exc.NoSuchModuleError: Can't load plugin: sqlalchemy.dialects:postgres
Traceback (most recent call last):
  File "/home/harley/projects/Cargaclick/lead_bot/bot.py", line 1, in <module>
    from scraper import scrape_clients
  File "/home/harley/projects/Cargaclick/lead_bot/scraper.py", line 1, in <module>
    from database import save_lead
  File "/home/harley/projects/Cargaclick/lead_bot/database.py", line 4, in <module>
    engine = create_engine(DATABASE_URL)
             ^^^^^^^^^^^^^^^^^^^^^^^^^^^
  File "<string>", line 2, in create_engine
  File "/home/harley/projects/Cargaclick/lead_bot/.venv/lib/python3.12/site-packages/sqlalchemy/util/deprecations.py", line 281, in warned
    return fn(*args, **kwargs)  # type: ignore[no-any-return]
           ^^^^^^^^^^^^^^^^^^^
  File "/home/harley/projects/Cargaclick/lead_bot/.venv/lib/python3.12/site-packages/sqlalchemy/engine/create.py", line 568, in create_engine
    entrypoint = u._get_entrypoint()
                 ^^^^^^^^^^^^^^^^^^^
  File "/home/harley/projects/Cargaclick/lead_bot/.venv/lib/python3.12/site-packages/sqlalchemy/engine/url.py", line 772, in _get_entrypoint
    cls = registry.load(name)
          ^^^^^^^^^^^^^^^^^^^
  File "/home/harley/projects/Cargaclick/lead_bot/.venv/lib/python3.12/site-packages/sqlalchemy/util/langhelpers.py", line 453, in load
    raise exc.NoSuchModuleError(
sqlalchemy.exc.NoSuchModuleError: Can't load plugin: sqlalchemy.dialects:postgres
Traceback (most recent call last):
  File "/home/harley/projects/Cargaclick/lead_bot/bot.py", line 1, in <module>
    from scraper import scrape_clients
  File "/home/harley/projects/Cargaclick/lead_bot/scraper.py", line 1, in <module>
    from database import save_lead
  File "/home/harley/projects/Cargaclick/lead_bot/database.py", line 4, in <module>
    engine = create_engine(DATABASE_URL)
             ^^^^^^^^^^^^^^^^^^^^^^^^^^^
  File "<string>", line 2, in create_engine
  File "/home/harley/projects/Cargaclick/lead_bot/.venv/lib/python3.12/site-packages/sqlalchemy/util/deprecations.py", line 281, in warned
    return fn(*args, **kwargs)  # type: ignore[no-any-return]
           ^^^^^^^^^^^^^^^^^^^
  File "/home/harley/projects/Cargaclick/lead_bot/.venv/lib/python3.12/site-packages/sqlalchemy/engine/create.py", line 568, in create_engine
    entrypoint = u._get_entrypoint()
                 ^^^^^^^^^^^^^^^^^^^
  File "/home/harley/projects/Cargaclick/lead_bot/.venv/lib/python3.12/site-packages/sqlalchemy/engine/url.py", line 772, in _get_entrypoint
    cls = registry.load(name)
          ^^^^^^^^^^^^^^^^^^^
  File "/home/harley/projects/Cargaclick/lead_bot/.venv/lib/python3.12/site-packages/sqlalchemy/util/langhelpers.py", line 453, in load
    raise exc.NoSuchModuleError(
sqlalchemy.exc.NoSuchModuleError: Can't load plugin: sqlalchemy.dialects:postgres
Traceback (most recent call last):
  File "/home/harley/projects/Cargaclick/lead_bot/bot.py", line 1, in <module>
    from scraper import scrape_clients
  File "/home/harley/projects/Cargaclick/lead_bot/scraper.py", line 1, in <module>
    from database import save_lead
  File "/home/harley/projects/Cargaclick/lead_bot/database.py", line 4, in <module>
    engine = create_engine(DATABASE_URL)
             ^^^^^^^^^^^^^^^^^^^^^^^^^^^
  File "<string>", line 2, in create_engine
  File "/home/harley/projects/Cargaclick/lead_bot/.venv/lib/python3.12/site-packages/sqlalchemy/util/deprecations.py", line 281, in warned
    return fn(*args, **kwargs)  # type: ignore[no-any-return]
           ^^^^^^^^^^^^^^^^^^^
  File "/home/harley/projects/Cargaclick/lead_bot/.venv/lib/python3.12/site-packages/sqlalchemy/engine/create.py", line 568, in create_engine
    entrypoint = u._get_entrypoint()
                 ^^^^^^^^^^^^^^^^^^^
  File "/home/harley/projects/Cargaclick/lead_bot/.venv/lib/python3.12/site-packages/sqlalchemy/engine/url.py", line 772, in _get_entrypoint
    cls = registry.load(name)
          ^^^^^^^^^^^^^^^^^^^
  File "/home/harley/projects/Cargaclick/lead_bot/.venv/lib/python3.12/site-packages/sqlalchemy/util/langhelpers.py", line 453, in load
    raise exc.NoSuchModuleError(
sqlalchemy.exc.NoSuchModuleError: Can't load plugin: sqlalchemy.dialects:postgres
Traceback (most recent call last):
  File "/home/harley/projects/Cargaclick/lead_bot/bot.py", line 1, in <module>
    from scraper import scrape_clients
  File "/home/harley/projects/Cargaclick/lead_bot/scraper.py", line 1, in <module>
    from database import save_lead
  File "/home/harley/projects/Cargaclick/lead_bot/database.py", line 4, in <module>
    engine = create_engine(DATABASE_URL)
             ^^^^^^^^^^^^^^^^^^^^^^^^^^^
  File "<string>", line 2, in create_engine
  File "/home/harley/projects/Cargaclick/lead_bot/.venv/lib/python3.12/site-packages/sqlalchemy/util/deprecations.py", line 281, in warned
    return fn(*args, **kwargs)  # type: ignore[no-any-return]
           ^^^^^^^^^^^^^^^^^^^
  File "/home/harley/projects/Cargaclick/lead_bot/.venv/lib/python3.12/site-packages/sqlalchemy/engine/create.py", line 568, in create_engine
    entrypoint = u._get_entrypoint()
                 ^^^^^^^^^^^^^^^^^^^
  File "/home/harley/projects/Cargaclick/lead_bot/.venv/lib/python3.12/site-packages/sqlalchemy/engine/url.py", line 772, in _get_entrypoint
    cls = registry.load(name)
          ^^^^^^^^^^^^^^^^^^^
  File "/home/harley/projects/Cargaclick/lead_bot/.venv/lib/python3.12/site-packages/sqlalchemy/util/langhelpers.py", line 453, in load
    raise exc.NoSuchModuleError(
sqlalchemy.exc.NoSuchModuleError: Can't load plugin: sqlalchemy.dialects:postgres
Traceback (most recent call last):
  File "/home/harley/projects/Cargaclick/lead_bot/bot.py", line 1, in <module>
    from scraper import scrape_clients
  File "/home/harley/projects/Cargaclick/lead_bot/scraper.py", line 1, in <module>
    from database import save_lead
  File "/home/harley/projects/Cargaclick/lead_bot/database.py", line 4, in <module>
    engine = create_engine(DATABASE_URL)
             ^^^^^^^^^^^^^^^^^^^^^^^^^^^
  File "<string>", line 2, in create_engine
  File "/home/harley/projects/Cargaclick/lead_bot/.venv/lib/python3.12/site-packages/sqlalchemy/util/deprecations.py", line 281, in warned
    return fn(*args, **kwargs)  # type: ignore[no-any-return]
           ^^^^^^^^^^^^^^^^^^^
  File "/home/harley/projects/Cargaclick/lead_bot/.venv/lib/python3.12/site-packages/sqlalchemy/engine/create.py", line 568, in create_engine
    entrypoint = u._get_entrypoint()
                 ^^^^^^^^^^^^^^^^^^^
  File "/home/harley/projects/Cargaclick/lead_bot/.venv/lib/python3.12/site-packages/sqlalchemy/engine/url.py", line 772, in _get_entrypoint
    cls = registry.load(name)
          ^^^^^^^^^^^^^^^^^^^
  File "/home/harley/projects/Cargaclick/lead_bot/.venv/lib/python3.12/site-packages/sqlalchemy/util/langhelpers.py", line 453, in load
    raise exc.NoSuchModuleError(
sqlalchemy.exc.NoSuchModuleError: Can't load plugin: sqlalchemy.dialects:postgres
Traceback (most recent call last):
  File "/home/harley/projects/Cargaclick/lead_bot/bot.py", line 1, in <module>
    from scraper import scrape_clients
  File "/home/harley/projects/Cargaclick/lead_bot/scraper.py", line 1, in <module>
    from database import save_lead
  File "/home/harley/projects/Cargaclick/lead_bot/database.py", line 4, in <module>
    engine = create_engine(DATABASE_URL)
             ^^^^^^^^^^^^^^^^^^^^^^^^^^^
  File "<string>", line 2, in create_engine
  File "/home/harley/projects/Cargaclick/lead_bot/.venv/lib/python3.12/site-packages/sqlalchemy/util/deprecations.py", line 281, in warned
    return fn(*args, **kwargs)  # type: ignore[no-any-return]
           ^^^^^^^^^^^^^^^^^^^
  File "/home/harley/projects/Cargaclick/lead_bot/.venv/lib/python3.12/site-packages/sqlalchemy/engine/create.py", line 568, in create_engine
    entrypoint = u._get_entrypoint()
                 ^^^^^^^^^^^^^^^^^^^
  File "/home/harley/projects/Cargaclick/lead_bot/.venv/lib/python3.12/site-packages/sqlalchemy/engine/url.py", line 772, in _get_entrypoint
    cls = registry.load(name)
          ^^^^^^^^^^^^^^^^^^^
  File "/home/harley/projects/Cargaclick/lead_bot/.venv/lib/python3.12/site-packages/sqlalchemy/util/langhelpers.py", line 453, in load
    raise exc.NoSuchModuleError(
sqlalchemy.exc.NoSuchModuleError: Can't load plugin: sqlalchemy.dialects:postgres
Traceback (most recent call last):
  File "/home/harley/projects/Cargaclick/lead_bot/bot.py", line 1, in <module>
    from scraper import scrape_clients
  File "/home/harley/projects/Cargaclick/lead_bot/scraper.py", line 1, in <module>
    from database import save_lead
  File "/home/harley/projects/Cargaclick/lead_bot/database.py", line 4, in <module>
    engine = create_engine(DATABASE_URL)
             ^^^^^^^^^^^^^^^^^^^^^^^^^^^
  File "<string>", line 2, in create_engine
  File "/home/harley/projects/Cargaclick/lead_bot/.venv/lib/python3.12/site-packages/sqlalchemy/util/deprecations.py", line 281, in warned
    return fn(*args, **kwargs)  # type: ignore[no-any-return]
           ^^^^^^^^^^^^^^^^^^^
  File "/home/harley/projects/Cargaclick/lead_bot/.venv/lib/python3.12/site-packages/sqlalchemy/engine/create.py", line 568, in create_engine
    entrypoint = u._get_entrypoint()
                 ^^^^^^^^^^^^^^^^^^^
  File "/home/harley/projects/Cargaclick/lead_bot/.venv/lib/python3.12/site-packages/sqlalchemy/engine/url.py", line 772, in _get_entrypoint
    cls = registry.load(name)
          ^^^^^^^^^^^^^^^^^^^
  File "/home/harley/projects/Cargaclick/lead_bot/.venv/lib/python3.12/site-packages/sqlalchemy/util/langhelpers.py", line 453, in load
    raise exc.NoSuchModuleError(
sqlalchemy.exc.NoSuchModuleError: Can't load plugin: sqlalchemy.dialects:postgres
Traceback (most recent call last):
  File "/home/harley/projects/Cargaclick/lead_bot/bot.py", line 1, in <module>
    from scraper import scrape_clients
  File "/home/harley/projects/Cargaclick/lead_bot/scraper.py", line 1, in <module>
    from database import save_lead
  File "/home/harley/projects/Cargaclick/lead_bot/database.py", line 4, in <module>
    engine = create_engine(DATABASE_URL)
             ^^^^^^^^^^^^^^^^^^^^^^^^^^^
  File "<string>", line 2, in create_engine
  File "/home/harley/projects/Cargaclick/lead_bot/.venv/lib/python3.12/site-packages/sqlalchemy/util/deprecations.py", line 281, in warned
    return fn(*args, **kwargs)  # type: ignore[no-any-return]
           ^^^^^^^^^^^^^^^^^^^
  File "/home/harley/projects/Cargaclick/lead_bot/.venv/lib/python3.12/site-packages/sqlalchemy/engine/create.py", line 568, in create_engine
    entrypoint = u._get_entrypoint()
                 ^^^^^^^^^^^^^^^^^^^
  File "/home/harley/projects/Cargaclick/lead_bot/.venv/lib/python3.12/site-packages/sqlalchemy/engine/url.py", line 772, in _get_entrypoint
    cls = registry.load(name)
          ^^^^^^^^^^^^^^^^^^^
  File "/home/harley/projects/Cargaclick/lead_bot/.venv/lib/python3.12/site-packages/sqlalchemy/util/langhelpers.py", line 453, in load
    raise exc.NoSuchModuleError(
sqlalchemy.exc.NoSuchModuleError: Can't load plugin: sqlalchemy.dialects:postgres
Traceback (most recent call last):
  File "/home/harley/projects/Cargaclick/lead_bot/bot.py", line 1, in <module>
    from scraper import scrape_clients
  File "/home/harley/projects/Cargaclick/lead_bot/scraper.py", line 1, in <module>
    from database import save_lead
  File "/home/harley/projects/Cargaclick/lead_bot/database.py", line 4, in <module>
    engine = create_engine(DATABASE_URL)
             ^^^^^^^^^^^^^^^^^^^^^^^^^^^
  File "<string>", line 2, in create_engine
  File "/home/harley/projects/Cargaclick/lead_bot/.venv/lib/python3.12/site-packages/sqlalchemy/util/deprecations.py", line 281, in warned
    return fn(*args, **kwargs)  # type: ignore[no-any-return]
           ^^^^^^^^^^^^^^^^^^^
  File "/home/harley/projects/Cargaclick/lead_bot/.venv/lib/python3.12/site-packages/sqlalchemy/engine/create.py", line 568, in create_engine
    entrypoint = u._get_entrypoint()
                 ^^^^^^^^^^^^^^^^^^^
  File "/home/harley/projects/Cargaclick/lead_bot/.venv/lib/python3.12/site-packages/sqlalchemy/engine/url.py", line 772, in _get_entrypoint
    cls = registry.load(name)
          ^^^^^^^^^^^^^^^^^^^
  File "/home/harley/projects/Cargaclick/lead_bot/.venv/lib/python3.12/site-packages/sqlalchemy/util/langhelpers.py", line 453, in load
    raise exc.NoSuchModuleError(
sqlalchemy.exc.NoSuchModuleError: Can't load plugin: sqlalchemy.dialects:postgres
Traceback (most recent call last):
  File "/home/harley/projects/Cargaclick/lead_bot/bot.py", line 1, in <module>
    from scraper import scrape_clients
  File "/home/harley/projects/Cargaclick/lead_bot/scraper.py", line 1, in <module>
    from database import save_lead
  File "/home/harley/projects/Cargaclick/lead_bot/database.py", line 4, in <module>
    engine = create_engine(DATABASE_URL)
             ^^^^^^^^^^^^^^^^^^^^^^^^^^^
  File "<string>", line 2, in create_engine
  File "/home/harley/projects/Cargaclick/lead_bot/.venv/lib/python3.12/site-packages/sqlalchemy/util/deprecations.py", line 281, in warned
    return fn(*args, **kwargs)  # type: ignore[no-any-return]
           ^^^^^^^^^^^^^^^^^^^
  File "/home/harley/projects/Cargaclick/lead_bot/.venv/lib/python3.12/site-packages/sqlalchemy/engine/create.py", line 568, in create_engine
    entrypoint = u._get_entrypoint()
                 ^^^^^^^^^^^^^^^^^^^
  File "/home/harley/projects/Cargaclick/lead_bot/.venv/lib/python3.12/site-packages/sqlalchemy/engine/url.py", line 772, in _get_entrypoint
    cls = registry.load(name)
          ^^^^^^^^^^^^^^^^^^^
  File "/home/harley/projects/Cargaclick/lead_bot/.venv/lib/python3.12/site-packages/sqlalchemy/util/langhelpers.py", line 453, in load
    raise exc.NoSuchModuleError(
sqlalchemy.exc.NoSuchModuleError: Can't load plugin: sqlalchemy.dialects:postgres
Traceback (most recent call last):
  File "/home/harley/projects/Cargaclick/lead_bot/bot.py", line 1, in <module>
    from scraper import scrape_clients
  File "/home/harley/projects/Cargaclick/lead_bot/scraper.py", line 1, in <module>
    from database import save_lead
  File "/home/harley/projects/Cargaclick/lead_bot/database.py", line 4, in <module>
    engine = create_engine(DATABASE_URL)
             ^^^^^^^^^^^^^^^^^^^^^^^^^^^
  File "<string>", line 2, in create_engine
  File "/home/harley/projects/Cargaclick/lead_bot/.venv/lib/python3.12/site-packages/sqlalchemy/util/deprecations.py", line 281, in warned
    return fn(*args, **kwargs)  # type: ignore[no-any-return]
           ^^^^^^^^^^^^^^^^^^^
  File "/home/harley/projects/Cargaclick/lead_bot/.venv/lib/python3.12/site-packages/sqlalchemy/engine/create.py", line 568, in create_engine
    entrypoint = u._get_entrypoint()
                 ^^^^^^^^^^^^^^^^^^^
  File "/home/harley/projects/Cargaclick/lead_bot/.venv/lib/python3.12/site-packages/sqlalchemy/engine/url.py", line 772, in _get_entrypoint
    cls = registry.load(name)
          ^^^^^^^^^^^^^^^^^^^
  File "/home/harley/projects/Cargaclick/lead_bot/.venv/lib/python3.12/site-packages/sqlalchemy/util/langhelpers.py", line 453, in load
    raise exc.NoSuchModuleError(
sqlalchemy.exc.NoSuchModuleError: Can't load plugin: sqlalchemy.dialects:postgres
Traceback (most recent call last):
  File "/home/harley/projects/Cargaclick/lead_bot/bot.py", line 1, in <module>
    from scraper import scrape_clients
  File "/home/harley/projects/Cargaclick/lead_bot/scraper.py", line 1, in <module>
    from database import save_lead
  File "/home/harley/projects/Cargaclick/lead_bot/database.py", line 4, in <module>
    engine = create_engine(DATABASE_URL)
             ^^^^^^^^^^^^^^^^^^^^^^^^^^^
  File "<string>", line 2, in create_engine
  File "/home/harley/projects/Cargaclick/lead_bot/.venv/lib/python3.12/site-packages/sqlalchemy/util/deprecations.py", line 281, in warned
    return fn(*args, **kwargs)  # type: ignore[no-any-return]
           ^^^^^^^^^^^^^^^^^^^
  File "/home/harley/projects/Cargaclick/lead_bot/.venv/lib/python3.12/site-packages/sqlalchemy/engine/create.py", line 568, in create_engine
    entrypoint = u._get_entrypoint()
                 ^^^^^^^^^^^^^^^^^^^
  File "/home/harley/projects/Cargaclick/lead_bot/.venv/lib/python3.12/site-packages/sqlalchemy/engine/url.py", line 772, in _get_entrypoint
    cls = registry.load(name)
          ^^^^^^^^^^^^^^^^^^^
  File "/home/harley/projects/Cargaclick/lead_bot/.venv/lib/python3.12/site-packages/sqlalchemy/util/langhelpers.py", line 453, in load
    raise exc.NoSuchModuleError(
sqlalchemy.exc.NoSuchModuleError: Can't load plugin: sqlalchemy.dialects:postgres
